#
# There is insufficient memory for the Java Runtime Environment to continue.
# Native memory allocation (malloc) failed to allocate 1048576 bytes for AllocateHeap
# Possible reasons:
#   The system is out of physical RAM or swap space
#   In 32 bit mode, the process size limit was hit
# Possible solutions:
#   Reduce memory load on the system
#   Increase physical memory or swap space
#   Check if swap backing store is full
#   Use 64 bit Java on a 64 bit OS
#   Decrease Java heap size (-Xmx/-Xms)
#   Decrease number of Java threads
#   Decrease Java thread stack sizes (-Xss)
#   Set larger code cache with -XX:ReservedCodeCacheSize=
# This output file may be truncated or incomplete.
#
#  Out of Memory Error (memory/allocation.inline.hpp:61), pid=136524, tid=0x0000000000010488
#
# JRE version:  (8.0_112-b15) (build )
# Java VM: Java HotSpot(TM) 64-Bit Server VM (25.112-b15 mixed mode windows-amd64 compressed oops)
# Failed to write core dump. Minidumps are not enabled by default on client versions of Windows
#

---------------  T H R E A D  ---------------

Current thread (0x0000000003214000):  JavaThread "Unknown thread" [_thread_in_vm, id=66696, stack(0x0000000002ec0000,0x0000000002fc0000)]

Stack: [0x0000000002ec0000,0x0000000002fc0000]
[error occurred during error reporting (printing stack bounds), id 0xc0000005]

Native frames: (J=compiled Java code, j=interpreted, Vv=VM code, C=native code)


---------------  P R O C E S S  ---------------

Java Threads: ( => current thread )

Other Threads:

=>0x0000000003214000 (exited) JavaThread "Unknown thread" [_thread_in_vm, id=66696, stack(0x0000000002ec0000,0x0000000002fc0000)]

VM state:not at safepoint (normal execution)

VM Mutex/Monitor currently owned by a thread: None

Heap:
 PSYoungGen      total 66560K, used 1146K [0x0000000776100000, 0x000000077ab00000, 0x00000007c0000000)
  eden space 57344K, 2% used [0x0000000776100000,0x000000077621eb90,0x0000000779900000)
  from space 9216K, 0% used [0x000000077a200000,0x000000077a200000,0x000000077ab00000)
  to   space 9216K, 0% used [0x0000000779900000,0x0000000779900000,0x000000077a200000)
 ParOldGen       total 151552K, used 0K [0x00000006e2200000, 0x00000006eb600000, 0x0000000776100000)
  object space 151552K, 0% used [0x00000006e2200000,0x00000006e2200000,0x00000006eb600000)
 Metaspace       used 770K, capacity 4480K, committed 4480K, reserved 1056768K
  class space    used 75K, capacity 384K, committed 384K, reserved 1048576K

Card table byte_map: [0x00000000126d0000,0x0000000012dc0000] byte_map_base: 0x000000000efbf000

Marking Bits: (ParMarkBitMap*) 0x000000005a66a6d0
 Begin Bits: [0x0000000013f60000, 0x00000000176d8000)
 End Bits:   [0x00000000176d8000, 0x000000001ae50000)

Polling page: 0x0000000002b10000

CodeCache: size=245760Kb used=327Kb max_used=327Kb free=245432Kb
 bounds [0x0000000003310000, 0x0000000003580000, 0x0000000012310000]
 total_blobs=57 nmethods=0 adapters=38
 compilation: enabled

Compilation events (0 events):
No events

GC Heap History (0 events):
No events

Deoptimization events (0 events):
No events

Internal exceptions (0 events):
No events

Events (10 events):
Event: 0.028 loading class java/lang/Short
Event: 0.028 loading class java/lang/Short done
Event: 0.028 loading class java/lang/Integer
Event: 0.028 loading class java/lang/Integer done
Event: 0.028 loading class java/lang/Long
Event: 0.028 loading class java/lang/Long done
Event: 0.028 loading class java/lang/NullPointerException
Event: 0.028 loading class java/lang/NullPointerException done
Event: 0.028 loading class java/lang/ArithmeticException
Event: 0.028 loading class java/lang/ArithmeticException done


Dynamic libraries:
0x00007ff786bd0000 - 0x00007ff786c07000 	D:\JDK\jdk-8\bin\java.exe
0x00007ffdefb20000 - 0x00007ffdefd29000 	C:\WINDOWS\SYSTEM32\ntdll.dll
0x00007ffdef9c0000 - 0x00007ffdefa7d000 	C:\WINDOWS\System32\KERNEL32.DLL
0x00007ffded540000 - 0x00007ffded8bd000 	C:\WINDOWS\System32\KERNELBASE.dll
0x00007ffdee240000 - 0x00007ffdee2ee000 	C:\WINDOWS\System32\ADVAPI32.dll
0x00007ffdedff0000 - 0x00007ffdee093000 	C:\WINDOWS\System32\msvcrt.dll
0x00007ffdef6d0000 - 0x00007ffdef76e000 	C:\WINDOWS\System32\sechost.dll
0x00007ffdee9b0000 - 0x00007ffdeead0000 	C:\WINDOWS\System32\RPCRT4.dll
0x00007ffdee780000 - 0x00007ffdee92d000 	C:\WINDOWS\System32\USER32.dll
0x00007ffded8c0000 - 0x00007ffded8e6000 	C:\WINDOWS\System32\win32u.dll
0x00007ffdedbe0000 - 0x00007ffdedc09000 	C:\WINDOWS\System32\GDI32.dll
0x00007ffded1e0000 - 0x00007ffded2f8000 	C:\WINDOWS\System32\gdi32full.dll
0x00007ffded300000 - 0x00007ffded39d000 	C:\WINDOWS\System32\msvcp_win.dll
0x00007ffded3a0000 - 0x00007ffded4b1000 	C:\WINDOWS\System32\ucrtbase.dll
0x00007ffdd0080000 - 0x00007ffdd0325000 	C:\WINDOWS\WinSxS\amd64_microsoft.windows.common-controls_6595b64144ccf1df_6.0.22000.120_none_9d947278b86cc467\COMCTL32.dll
0x00007ffdedaa0000 - 0x00007ffdedad1000 	C:\WINDOWS\System32\IMM32.DLL
0x000000005a6f0000 - 0x000000005a7c2000 	D:\JDK\jdk-8\jre\bin\msvcr100.dll
0x0000000059e50000 - 0x000000005a6ea000 	D:\JDK\jdk-8\jre\bin\server\jvm.dll
0x00007ffdef510000 - 0x00007ffdef518000 	C:\WINDOWS\System32\PSAPI.DLL
0x00007ffde7330000 - 0x00007ffde7339000 	C:\WINDOWS\SYSTEM32\WSOCK32.dll
0x00007ffde71a0000 - 0x00007ffde71d3000 	C:\WINDOWS\SYSTEM32\WINMM.dll
0x00007ffde3540000 - 0x00007ffde354a000 	C:\WINDOWS\SYSTEM32\VERSION.dll
0x00007ffdee0a0000 - 0x00007ffdee10f000 	C:\WINDOWS\System32\WS2_32.dll
0x0000000059e40000 - 0x0000000059e4f000 	D:\JDK\jdk-8\jre\bin\verify.dll
0x0000000059e10000 - 0x0000000059e39000 	D:\JDK\jdk-8\jre\bin\java.dll
0x0000000059ce0000 - 0x0000000059d03000 	D:\JDK\jdk-8\jre\bin\instrument.dll
0x0000000059df0000 - 0x0000000059e06000 	D:\JDK\jdk-8\jre\bin\zip.dll

VM Arguments:
jvm_args: -XX:TieredStopAtLevel=1 -Xverify:none -Dspring.output.ansi.enabled=always -javaagent:D:\Program Files\JetBrains\IntelliJ IDEA 2021.2\lib\idea_rt.jar=50856:D:\Program Files\JetBrains\IntelliJ IDEA 2021.2\bin -Dcom.sun.management.jmxremote -Dspring.jmx.enabled=true -Dspring.liveBeansView.mbeanDomain -Dspring.application.admin.enabled=true -Dfile.encoding=UTF-8 
java_command: com.lay.swagger.SwaggerApplication
java_class_path (initial): D:\JDK\jdk-8\jre\lib\charsets.jar;D:\JDK\jdk-8\jre\lib\deploy.jar;D:\JDK\jdk-8\jre\lib\ext\access-bridge-64.jar;D:\JDK\jdk-8\jre\lib\ext\cldrdata.jar;D:\JDK\jdk-8\jre\lib\ext\dnsns.jar;D:\JDK\jdk-8\jre\lib\ext\jaccess.jar;D:\JDK\jdk-8\jre\lib\ext\jfxrt.jar;D:\JDK\jdk-8\jre\lib\ext\localedata.jar;D:\JDK\jdk-8\jre\lib\ext\nashorn.jar;D:\JDK\jdk-8\jre\lib\ext\sunec.jar;D:\JDK\jdk-8\jre\lib\ext\sunjce_provider.jar;D:\JDK\jdk-8\jre\lib\ext\sunmscapi.jar;D:\JDK\jdk-8\jre\lib\ext\sunpkcs11.jar;D:\JDK\jdk-8\jre\lib\ext\zipfs.jar;D:\JDK\jdk-8\jre\lib\javaws.jar;D:\JDK\jdk-8\jre\lib\jce.jar;D:\JDK\jdk-8\jre\lib\jfr.jar;D:\JDK\jdk-8\jre\lib\jfxswt.jar;D:\JDK\jdk-8\jre\lib\jsse.jar;D:\JDK\jdk-8\jre\lib\management-agent.jar;D:\JDK\jdk-8\jre\lib\plugin.jar;D:\JDK\jdk-8\jre\lib\resources.jar;D:\JDK\jdk-8\jre\lib\rt.jar;D:\atguigu\javaworkspace\swagger\target\classes;D:\atguigu\tsj\repository\org\springframework\boot\spring-boot-starter-web\2.3.7.RELEASE\spring-boot-starter-web-2.3.7.RELEASE.jar;D:\atguigu\tsj\repository\org\springframework\boot\spring-boot-starter\2.3.7.RELEASE\spring-boot-starter-2.3.7.RELEASE.jar;D:\atguigu\tsj\repository\org\springframework\boot\spring-boot\2.3.7.RELEASE\spring-boot-2.3.7.RELEASE.jar;D:\atguigu\tsj\repository\org\springframework\boot\spring-boot-autoconfigure\2.3.7.RELEASE\spring-boot-autoconfigure-2.3.7.RELEASE.jar;D:\atguigu\tsj\repository\org\springframework\boot\spring-boot-starter-logging\2.3.7.RELEASE\spring-boot-starter-logging-2.3.7.RELEASE.jar;D:\atguigu\tsj\repository\ch\qos\logback\logback-classic\1.2.3\logback-classic-1.2.3.jar;D:\atguigu\tsj\repository\ch\qos\logback\logback-core\1.2.3\logback-core-1.2.3.jar;D:\atguigu\tsj\repository\org\apache\logging\log4j\log4j-to-slf4j\2.13.3\log4j-to-slf4j-2.13.3.jar;D:\atguigu\tsj\repository\org\apache\logging\log4j\log4j-api\2.13.3\log4j-api-2.13.3.jar;D:\atguigu\tsj\repository\org\slf4j\jul-to-slf4j\1.7.30\jul-to-slf4j-1.7.30.jar;D:\atguigu\tsj\repository\jakart
Launcher Type: SUN_STANDARD

Environment Variables:
JAVA_HOME=D:\JDK\jdk-8
PATH=D:\JDK\jdk-8\bin;D:\JDK\jdk-8\jre\bin;D:\Program Files (x86)\VMware\VMware Workstation\bin\;C:\Python310\Scripts\;C:\Python310\;C:\WINDOWS\system32;C:\WINDOWS;C:\WINDOWS\System32\Wbem;C:\WINDOWS\System32\WindowsPowerShell\v1.0\;C:\WINDOWS\System32\OpenSSH\;D:\atguigu\tsj\apache-tomcat-8.5.73-windows-x64\apache-tomcat-8.5.73\bin;D:\Program Files\Git\cmd;D:\atguigu\tsj\apache-maven-3.6.3\bin;C:\ProgramData\chocolatey\bin;D:\Program Files\nodejs\;D:\Program Files (x86)\Xshell\;D:\Program Files (x86)\Xftp\;C:\Program Files\MongoDB\Server\3.2\bin;D:\Develop\nodejs\node_global;C:\Users\85410\AppData\Local\Microsoft\WindowsApps;C:\Users\85410\AppData\Local\Programs\Microsoft VS Code\bin;D:\Program Files (x86)\Tencent\QQGameTempest\Hall.57768\;C:\Users\85410\AppData\Roaming\npm
USERNAME=Jay
OS=Windows_NT
PROCESSOR_IDENTIFIER=AMD64 Family 25 Model 80 Stepping 0, AuthenticAMD



---------------  S Y S T E M  ---------------

OS: Windows 10.0 , 64 bit Build 22000 (10.0.22000.708)

CPU:total 16 (16 cores per cpu, 1 threads per core) family 25 model 80 stepping 0, cmov, cx8, fxsr, mmx, sse, sse2, sse3, ssse3, sse4.1, sse4.2, popcnt, avx, avx2, aes, clmul, erms, mmxext, 3dnowpref, lzcnt, sse4a, tsc, tscinvbit, tscinv, bmi1

Memory: 4k page, physical 14539512k(4795564k free), swap 40753908k(6084k free)

vm_info: Java HotSpot(TM) 64-Bit Server VM (25.112-b15) for windows-amd64 JRE (1.8.0_112-b15), built on Sep 22 2016 21:31:56 by "java_re" with MS VC++ 10.0 (VS2010)

time: Wed Aug 24 17:17:31 2022
elapsed time: 0 seconds (0d 0h 0m 0s)

